Unity Editor version:    2021.2.8f1 (d0e5f0a7b06a)
Branch:                  2021.2/staging
Build type:              Release
Batch mode:              YES
macOS version:           Version 12.1 (Build 21C52)
Darwin version:          21.2.0
Architecture:            x86_64
Running under Rosetta:   NO
Available memory:        16384 MB
Using pre-set license
Pro License: NO

COMMAND LINE ARGUMENTS:
/Applications/Unity/Hub/Editor/2021.2.8f1/Unity.app/Contents/MacOS/Unity
-adb2
-batchMode
-noUpm
-name
AssetImportWorker0
-projectPath
/Users/thomasgr/Design/Feierabend Crew/Feierabend-Heroes/Feierabend Heroes [Old]
-logFile
Logs/AssetImportWorker0.log
-srvPort
62479
Successfully changed project path to: /Users/thomasgr/Design/Feierabend Crew/Feierabend-Heroes/Feierabend Heroes [Old]
/Users/thomasgr/Design/Feierabend Crew/Feierabend-Heroes/Feierabend Heroes [Old]
[UnityMemory] Configuration Parameters - Can be set up in boot.config
    "memorysetup-bucket-allocator-granularity=16"
    "memorysetup-bucket-allocator-bucket-count=8"
    "memorysetup-bucket-allocator-block-size=33554432"
    "memorysetup-bucket-allocator-block-count=8"
    "memorysetup-main-allocator-block-size=16777216"
    "memorysetup-thread-allocator-block-size=16777216"
    "memorysetup-gfx-main-allocator-block-size=16777216"
    "memorysetup-gfx-thread-allocator-block-size=16777216"
    "memorysetup-cache-allocator-block-size=4194304"
    "memorysetup-typetree-allocator-block-size=2097152"
    "memorysetup-profiler-bucket-allocator-granularity=16"
    "memorysetup-profiler-bucket-allocator-bucket-count=8"
    "memorysetup-profiler-bucket-allocator-block-size=33554432"
    "memorysetup-profiler-bucket-allocator-block-count=8"
    "memorysetup-profiler-allocator-block-size=16777216"
    "memorysetup-profiler-editor-allocator-block-size=1048576"
    "memorysetup-temp-allocator-size-main=16777216"
    "memorysetup-job-temp-allocator-block-size=2097152"
    "memorysetup-job-temp-allocator-block-size-background=1048576"
    "memorysetup-job-temp-allocator-reduction-small-platforms=262144"
    "memorysetup-temp-allocator-size-background-worker=32768"
    "memorysetup-temp-allocator-size-job-worker=262144"
    "memorysetup-temp-allocator-size-preload-manager=33554432"
    "memorysetup-temp-allocator-size-nav-mesh-worker=65536"
    "memorysetup-temp-allocator-size-audio-worker=65536"
    "memorysetup-temp-allocator-size-cloud-worker=32768"
    "memorysetup-temp-allocator-size-gi-baking-worker=262144"
    "memorysetup-temp-allocator-size-gfx=262144"
Refreshing native plugins compatible for Editor in 74.21 ms, found 2 plugins.
Preloading 0 native plugins for Editor in 0.00 ms.
Initialize engine version: 2021.2.8f1 (d0e5f0a7b06a)
[Subsystems] Discovering subsystems at path /Applications/Unity/Hub/Editor/2021.2.8f1/Unity.app/Contents/Resources/UnitySubsystems
[Subsystems] Discovering subsystems at path /Users/thomasgr/Design/Feierabend Crew/Feierabend-Heroes/Feierabend Heroes [Old]/Assets
GfxDevice: creating device client; threaded=0; jobified=0
HP LA2405x preferred device: AMD Radeon Pro 555X (high power)
Metal devices available: 2
0: AMD Radeon Pro 555X (high power)
1: Intel(R) UHD Graphics 630 (low power)
Using device AMD Radeon Pro 555X (high power)
Initializing Metal device caps: AMD Radeon Pro 555X
Initialize mono
Mono path[0] = '/Applications/Unity/Hub/Editor/2021.2.8f1/Unity.app/Contents/Managed'
Mono path[1] = '/Applications/Unity/Hub/Editor/2021.2.8f1/Unity.app/Contents/MonoBleedingEdge/lib/mono/unityjit-macos'
Mono config path = '/Applications/Unity/Hub/Editor/2021.2.8f1/Unity.app/Contents/MonoBleedingEdge/etc'
Using monoOptions --debugger-agent=transport=dt_socket,embedding=1,server=y,suspend=n,address=127.0.0.1:56927
Begin MonoManager ReloadAssembly
Registering precompiled unity dll's ...
Register platform support module: /Applications/Unity/Hub/Editor/2021.2.8f1/Unity.app/Contents/PlaybackEngines/MacStandaloneSupport/UnityEditor.OSXStandalone.Extensions.dll
Registered in 0.001601 seconds.
Native extension for OSXStandalone target not found
Refreshing native plugins compatible for Editor in 47.97 ms, found 2 plugins.
Preloading 0 native plugins for Editor in 0.00 ms.
Mono: successfully reloaded assembly
- Completed reload, in  0.839 seconds
Domain Reload Profiling:
	ReloadAssembly (840ms)
		BeginReloadAssembly (153ms)
			ExecutionOrderSort (0ms)
			DisableScriptedObjects (0ms)
			BackupInstance (0ms)
			ReleaseScriptingObjects (0ms)
			CreateAndSetChildDomain (1ms)
		EndReloadAssembly (582ms)
			LoadAssemblies (154ms)
			RebuildTransferFunctionScriptingTraits (0ms)
			SetupTypeCache (155ms)
			ReleaseScriptCaches (0ms)
			RebuildScriptCaches (43ms)
			SetupLoadedEditorAssemblies (316ms)
				LogAssemblyErrors (0ms)
				InitializePlatformSupportModulesInManaged (14ms)
				SetLoadedEditorAssemblies (0ms)
				RefreshPlugins (48ms)
				BeforeProcessingInitializeOnLoad (2ms)
				ProcessInitializeOnLoadAttributes (193ms)
				ProcessInitializeOnLoadMethodAttributes (59ms)
				AfterProcessingInitializeOnLoad (0ms)
				EditorAssembliesLoaded (0ms)
			ExecutionOrderSort2 (0ms)
			AwakeInstancesAfterBackupRestoration (0ms)
Platform modules already initialized, skipping
Registering precompiled user dll's ...
Registered in 0.013769 seconds.
Begin MonoManager ReloadAssembly
Native extension for OSXStandalone target not found
Refreshing native plugins compatible for Editor in 1.78 ms, found 2 plugins.
Preloading 0 native plugins for Editor in 0.00 ms.
Package Manager log level set to [2]
Mono: successfully reloaded assembly
- Completed reload, in  1.502 seconds
Domain Reload Profiling:
	ReloadAssembly (1503ms)
		BeginReloadAssembly (113ms)
			ExecutionOrderSort (0ms)
			DisableScriptedObjects (7ms)
			BackupInstance (0ms)
			ReleaseScriptingObjects (0ms)
			CreateAndSetChildDomain (23ms)
		EndReloadAssembly (1261ms)
			LoadAssemblies (121ms)
			RebuildTransferFunctionScriptingTraits (0ms)
			SetupTypeCache (282ms)
			ReleaseScriptCaches (0ms)
			RebuildScriptCaches (78ms)
			SetupLoadedEditorAssemblies (686ms)
				LogAssemblyErrors (0ms)
				InitializePlatformSupportModulesInManaged (21ms)
				SetLoadedEditorAssemblies (2ms)
				RefreshPlugins (2ms)
				BeforeProcessingInitializeOnLoad (112ms)
				ProcessInitializeOnLoadAttributes (425ms)
				ProcessInitializeOnLoadMethodAttributes (122ms)
				AfterProcessingInitializeOnLoad (2ms)
				EditorAssembliesLoaded (0ms)
			ExecutionOrderSort2 (0ms)
			AwakeInstancesAfterBackupRestoration (5ms)
Platform modules already initialized, skipping
========================================================================
Worker process is ready to serve import requests
Launching external process: /Applications/Unity/Hub/Editor/2021.2.8f1/Unity.app/Contents/Tools/UnityShaderCompiler
Launched and connected shader compiler UnityShaderCompiler after 0.08 seconds
Refreshing native plugins compatible for Editor in 0.68 ms, found 2 plugins.
Preloading 0 native plugins for Editor in 0.00 ms.
Unloading 2319 Unused Serialized files (Serialized files now loaded: 0)
Unloading 75 unused Assets / (78.2 KB). Loaded Objects now: 2843.
Memory consumption went from 198.5 MB to 198.4 MB.
Total: 8.434318 ms (FindLiveObjects: 0.238164 ms CreateObjectMapping: 0.170864 ms MarkObjects: 7.850817 ms  DeleteObjects: 0.173037 ms)

AssetImportParameters requested are different than current active one (requested -> active):
  custom:video-decoder-ogg-theora: a1e56fd34408186e4bbccfd4996cb3dc -> 
  custom:container-muxer-webm: aa71ff27fc2769a1b78a27578f13a17b -> 
  custom:container-demuxer-webm: 4f35f7cbe854078d1ac9338744f61a02 -> 
  custom:video-encoder-webm-vp8: eb34c28f22e8b96e1ab97ce403110664 -> 
  custom:framework-osx-AVFoundation: e770b220cccbd017edd2c1fefb359320 -> 
  custom:audio-encoder-webm-vorbis: bf7c407c2cedff20999df2af8eb42d56 -> 
  custom:container-demuxer-ogg: 62fdf1f143b41e24485cea50d1cbac27 -> 
  custom:video-decoder-webm-vp8: 9c59270c3fd7afecdb556c50c9e8de78 -> 
  custom:audio-decoder-ogg-vorbis: bf7c407c2cedff20999df2af8eb42d56 -> 
========================================================================
Received Import Request.
  Time since last request: 282509.757108 seconds.
  path: Assets/Scenes/2 Maps/Airy Gardens.unity
  artifactKey: Guid(045408496d2494b9c86af805a478f664) Importer(815301076,1909f56bfc062723c751e8b465ee728b)
Start importing Assets/Scenes/2 Maps/Airy Gardens.unity using Guid(045408496d2494b9c86af805a478f664) Importer(815301076,1909f56bfc062723c751e8b465ee728b)  -> (artifact id: '3d080bc7604f40593f278400fed84e56') in 0.020182 seconds 
========================================================================
Received Import Request.
  Time since last request: 3.379125 seconds.
  path: Assets/Scenes/2 Maps/Crossing Paths.unity
  artifactKey: Guid(d6c2ae7258d834ad7b7fc92d1dbde5d2) Importer(815301076,1909f56bfc062723c751e8b465ee728b)
Start importing Assets/Scenes/2 Maps/Crossing Paths.unity using Guid(d6c2ae7258d834ad7b7fc92d1dbde5d2) Importer(815301076,1909f56bfc062723c751e8b465ee728b)  -> (artifact id: '27dbfc4fa6142a641a19171e4043a3c9') in 0.001286 seconds 
========================================================================
Received Import Request.
  Time since last request: 4.546183 seconds.
  path: Assets/Scenes/2 Maps/Floating Pieces.unity
  artifactKey: Guid(f45349d2f572b434081da865dca62cd9) Importer(815301076,1909f56bfc062723c751e8b465ee728b)
Start importing Assets/Scenes/2 Maps/Floating Pieces.unity using Guid(f45349d2f572b434081da865dca62cd9) Importer(815301076,1909f56bfc062723c751e8b465ee728b)  -> (artifact id: 'e884574ad0dffa9b7829f72d8ff22e1d') in 0.001493 seconds 
========================================================================
Received Import Request.
  Time since last request: 230.300852 seconds.
  path: Assets/Scenes/2 Maps/Octo Island.unity
  artifactKey: Guid(7e20bfd543f9345d881d8a6c89b42199) Importer(815301076,1909f56bfc062723c751e8b465ee728b)
Start importing Assets/Scenes/2 Maps/Octo Island.unity using Guid(7e20bfd543f9345d881d8a6c89b42199) Importer(815301076,1909f56bfc062723c751e8b465ee728b)  -> (artifact id: 'b6309308abc42c5092b3cef7c2bad304') in 0.001325 seconds 
========================================================================
Received Import Request.
  Time since last request: 13.624430 seconds.
  path: Assets/Scenes/2 Maps/Snowflakes.unity
  artifactKey: Guid(66c1b86e6c553427aa7904dc4596508a) Importer(815301076,1909f56bfc062723c751e8b465ee728b)
Start importing Assets/Scenes/2 Maps/Snowflakes.unity using Guid(66c1b86e6c553427aa7904dc4596508a) Importer(815301076,1909f56bfc062723c751e8b465ee728b)  -> (artifact id: 'c901d510ca3661990a94ad087da398f3') in 0.001623 seconds 
========================================================================
Received Import Request.
  Time since last request: 468.455452 seconds.
  path: Assets/Scripts/Modifiers/Circle Of Death.cs
  artifactKey: Guid(59a7195917fc84b8ca04927285ceb7db) Importer(815301076,1909f56bfc062723c751e8b465ee728b)
Start importing Assets/Scripts/Modifiers/Circle Of Death.cs using Guid(59a7195917fc84b8ca04927285ceb7db) Importer(815301076,1909f56bfc062723c751e8b465ee728b)  -> (artifact id: 'd15f009812e164d54592e068c3fb8bae') in 0.251679 seconds 
========================================================================
Received Import Request.
  Time since last request: 2.449193 seconds.
  path: Assets/Scripts/Modifiers/Heal Zone.cs
  artifactKey: Guid(f8d5dae26c327467192c922884012c8e) Importer(815301076,1909f56bfc062723c751e8b465ee728b)
Start importing Assets/Scripts/Modifiers/Heal Zone.cs using Guid(f8d5dae26c327467192c922884012c8e) Importer(815301076,1909f56bfc062723c751e8b465ee728b)  -> (artifact id: '34f260ff3b64e4f583316ccc998bf671') in 0.002307 seconds 
========================================================================
Received Import Request.
  Time since last request: 0.875593 seconds.
  path: Assets/Scripts/Modifiers/Platform Survivor.cs
  artifactKey: Guid(d2fd3aa4d1aeb4e71a42dacc310db120) Importer(815301076,1909f56bfc062723c751e8b465ee728b)
Start importing Assets/Scripts/Modifiers/Platform Survivor.cs using Guid(d2fd3aa4d1aeb4e71a42dacc310db120) Importer(815301076,1909f56bfc062723c751e8b465ee728b)  -> (artifact id: '057cd7380a42c02aab8d81cf99613f76') in 0.002067 seconds 
========================================================================
Received Import Request.
  Time since last request: 469.545676 seconds.
  path: Assets/Scripts/Modes/Battle Royale.cs
  artifactKey: Guid(db4de321deca144cabb1a6290bfde396) Importer(815301076,1909f56bfc062723c751e8b465ee728b)
Start importing Assets/Scripts/Modes/Battle Royale.cs using Guid(db4de321deca144cabb1a6290bfde396) Importer(815301076,1909f56bfc062723c751e8b465ee728b)  -> (artifact id: '9ded7985dd58dd57b4d7fcff50d31bc5') in 0.001962 seconds 
